# JRE version: OpenJDK Runtime Environment (8.0_242-b01) (build 1.8.0_242-release-1644-b01)
# Java VM: OpenJDK 64-Bit Server VM (25.242-b01 mixed mode windows-amd64 compressed oops)
Heap:
 PSYoungGen      total 258560K, used 120576K [0x00000000d5580000, 0x00000000e8f80000, 0x0000000100000000)
  eden space 236032K, 41% used [0x00000000d5580000,0x00000000db5415f0,0x00000000e3c00000)
  from space 22528K, 99% used [0x00000000e3c00000,0x00000000e51fea38,0x00000000e5200000)
  to   space 27136K, 0% used [0x00000000e7500000,0x00000000e7500000,0x00000000e8f80000)
 ParOldGen       total 215552K, used 38627K [0x0000000080000000, 0x000000008d280000, 0x00000000d5580000)
  object space 215552K, 17% used [0x0000000080000000,0x00000000825b8fe0,0x000000008d280000)
 Metaspace       used 77268K, capacity 80999K, committed 81304K, reserved 1120256K
  class space    used 10156K, capacity 10866K, committed 10928K, reserved 1048576K
GC Heap History (10 events):
Event: 14.102 GC heap before
{Heap before GC invocations=12 (full 2):
 PSYoungGen      total 193024K, used 77669K [0x00000000d5580000, 0x00000000e4080000, 0x0000000100000000)
  eden space 181248K, 36% used [0x00000000d5580000,0x00000000d95de1d8,0x00000000e0680000)
  from space 11776K, 99% used [0x00000000e0680000,0x00000000e11fb310,0x00000000e1200000)
  to   space 17920K, 0% used [0x00000000e2f00000,0x00000000e2f00000,0x00000000e4080000)
 ParOldGen       total 141824K, used 27536K [0x0000000080000000, 0x0000000088a80000, 0x00000000d5580000)
  object space 141824K, 19% used [0x0000000080000000,0x0000000081ae4250,0x0000000088a80000)
 Metaspace       used 56521K, capacity 58997K, committed 59160K, reserved 1099776K
  class space    used 7733K, capacity 8240K, committed 8240K, reserved 1048576K
Event: 14.139 GC heap after
Heap after GC invocations=12 (full 2):
 PSYoungGen      total 220672K, used 17914K [0x00000000d5580000, 0x00000000e6480000, 0x0000000100000000)
  eden space 202752K, 0% used [0x00000000d5580000,0x00000000d5580000,0x00000000e1b80000)
  from space 17920K, 99% used [0x00000000e2f00000,0x00000000e407ea50,0x00000000e4080000)
  to   space 19968K, 0% used [0x00000000e1b80000,0x00000000e1b80000,0x00000000e2f00000)
 ParOldGen       total 141824K, used 28058K [0x0000000080000000, 0x0000000088a80000, 0x00000000d5580000)
  object space 141824K, 19% used [0x0000000080000000,0x0000000081b66b28,0x0000000088a80000)
 Metaspace       used 56521K, capacity 58997K, committed 59160K, reserved 1099776K
  class space    used 7733K, capacity 8240K, committed 8240K, reserved 1048576K
}
Event: 14.139 GC heap before
{Heap before GC invocations=13 (full 3):
 PSYoungGen      total 220672K, used 17914K [0x00000000d5580000, 0x00000000e6480000, 0x0000000100000000)
  eden space 202752K, 0% used [0x00000000d5580000,0x00000000d5580000,0x00000000e1b80000)
  from space 17920K, 99% used [0x00000000e2f00000,0x00000000e407ea50,0x00000000e4080000)
  to   space 19968K, 0% used [0x00000000e1b80000,0x00000000e1b80000,0x00000000e2f00000)
 ParOldGen       total 141824K, used 28058K [0x0000000080000000, 0x0000000088a80000, 0x00000000d5580000)
  object space 141824K, 19% used [0x0000000080000000,0x0000000081b66b28,0x0000000088a80000)
 Metaspace       used 56521K, capacity 58997K, committed 59160K, reserved 1099776K
  class space    used 7733K, capacity 8240K, committed 8240K, reserved 1048576K
Event: 14.559 GC heap after
Heap after GC invocations=13 (full 3):
 PSYoungGen      total 220672K, used 0K [0x00000000d5580000, 0x00000000e6480000, 0x0000000100000000)
  eden space 202752K, 0% used [0x00000000d5580000,0x00000000d5580000,0x00000000e1b80000)
  from space 17920K, 0% used [0x00000000e2f00000,0x00000000e2f00000,0x00000000e4080000)
  to   space 19968K, 0% used [0x00000000e1b80000,0x00000000e1b80000,0x00000000e2f00000)
 ParOldGen       total 215552K, used 34471K [0x0000000080000000, 0x000000008d280000, 0x00000000d5580000)
  object space 215552K, 15% used [0x0000000080000000,0x00000000821a9e38,0x000000008d280000)
 Metaspace       used 56475K, capacity 58841K, committed 59160K, reserved 1099776K
  class space    used 7719K, capacity 8214K, committed 8240K, reserved 1048576K
}
Event: 22.337 GC heap before
{Heap before GC invocations=14 (full 3):
 PSYoungGen      total 220672K, used 202752K [0x00000000d5580000, 0x00000000e6480000, 0x0000000100000000)
  eden space 202752K, 100% used [0x00000000d5580000,0x00000000e1b80000,0x00000000e1b80000)
  from space 17920K, 0% used [0x00000000e2f00000,0x00000000e2f00000,0x00000000e4080000)
  to   space 19968K, 0% used [0x00000000e1b80000,0x00000000e1b80000,0x00000000e2f00000)
 ParOldGen       total 215552K, used 34471K [0x0000000080000000, 0x000000008d280000, 0x00000000d5580000)
  object space 215552K, 15% used [0x0000000080000000,0x00000000821a9e38,0x000000008d280000)
 Metaspace       used 64726K, capacity 67837K, committed 67992K, reserved 1107968K
  class space    used 8934K, capacity 9555K, committed 9648K, reserved 1048576K
Event: 22.373 GC heap after
Heap after GC invocations=14 (full 3):
 PSYoungGen      total 222720K, used 17215K [0x00000000d5580000, 0x00000000e6b80000, 0x0000000100000000)
  eden space 202752K, 0% used [0x00000000d5580000,0x00000000d5580000,0x00000000e1b80000)
  from space 19968K, 86% used [0x00000000e1b80000,0x00000000e2c4fc00,0x00000000e2f00000)
  to   space 21504K, 0% used [0x00000000e5680000,0x00000000e5680000,0x00000000e6b80000)
 ParOldGen       total 215552K, used 34479K [0x0000000080000000, 0x000000008d280000, 0x00000000d5580000)
  object space 215552K, 15% used [0x0000000080000000,0x00000000821abe38,0x000000008d280000)
 Metaspace       used 64726K, capacity 67837K, committed 67992K, reserved 1107968K
  class space    used 8934K, capacity 9555K, committed 9648K, reserved 1048576K
}
Event: 37.501 GC heap before
{Heap before GC invocations=15 (full 3):
 PSYoungGen      total 222720K, used 219967K [0x00000000d5580000, 0x00000000e6b80000, 0x0000000100000000)
  eden space 202752K, 100% used [0x00000000d5580000,0x00000000e1b80000,0x00000000e1b80000)
  from space 19968K, 86% used [0x00000000e1b80000,0x00000000e2c4fc00,0x00000000e2f00000)
  to   space 21504K, 0% used [0x00000000e5680000,0x00000000e5680000,0x00000000e6b80000)
 ParOldGen       total 215552K, used 34479K [0x0000000080000000, 0x000000008d280000, 0x00000000d5580000)
  object space 215552K, 15% used [0x0000000080000000,0x00000000821abe38,0x000000008d280000)
 Metaspace       used 70462K, capacity 73817K, committed 74008K, reserved 1114112K
  class space    used 9569K, capacity 10221K, committed 10288K, reserved 1048576K
Event: 37.542 GC heap after
Heap after GC invocations=15 (full 3):
 PSYoungGen      total 253952K, used 17754K [0x00000000d5580000, 0x00000000e6800000, 0x0000000100000000)
  eden space 236032K, 0% used [0x00000000d5580000,0x00000000d5580000,0x00000000e3c00000)
  from space 17920K, 99% used [0x00000000e5680000,0x00000000e67d69b8,0x00000000e6800000)
  to   space 22528K, 0% used [0x00000000e3c00000,0x00000000e3c00000,0x00000000e5200000)
 ParOldGen       total 215552K, used 34487K [0x0000000080000000, 0x000000008d280000, 0x00000000d5580000)
  object space 215552K, 15% used [0x0000000080000000,0x00000000821ade38,0x000000008d280000)
 Metaspace       used 70462K, capacity 73817K, committed 74008K, reserved 1114112K
  class space    used 9569K, capacity 10221K, committed 10288K, reserved 1048576K
}
Event: 394.315 GC heap before
{Heap before GC invocations=16 (full 3):
 PSYoungGen      total 253952K, used 253786K [0x00000000d5580000, 0x00000000e6800000, 0x0000000100000000)
  eden space 236032K, 100% used [0x00000000d5580000,0x00000000e3c00000,0x00000000e3c00000)
  from space 17920K, 99% used [0x00000000e5680000,0x00000000e67d69b8,0x00000000e6800000)
  to   space 22528K, 0% used [0x00000000e3c00000,0x00000000e3c00000,0x00000000e5200000)
 ParOldGen       total 215552K, used 34487K [0x0000000080000000, 0x000000008d280000, 0x00000000d5580000)
  object space 215552K, 15% used [0x0000000080000000,0x00000000821ade38,0x000000008d280000)
 Metaspace       used 77020K, capacity 80699K, committed 80792K, reserved 1120256K
  class space    used 10145K, capacity 10858K, committed 10928K, reserved 1048576K
Event: 394.348 GC heap after
Heap after GC invocations=16 (full 3):
 PSYoungGen      total 258560K, used 22522K [0x00000000d5580000, 0x00000000e8f80000, 0x0000000100000000)
  eden space 236032K, 0% used [0x00000000d5580000,0x00000000d5580000,0x00000000e3c00000)
  from space 22528K, 99% used [0x00000000e3c00000,0x00000000e51fea38,0x00000000e5200000)
  to   space 27136K, 0% used [0x00000000e7500000,0x00000000e7500000,0x00000000e8f80000)
 ParOldGen       total 215552K, used 38627K [0x0000000080000000, 0x000000008d280000, 0x00000000d5580000)
  object space 215552K, 17% used [0x0000000080000000,0x00000000825b8fe0,0x000000008d280000)
 Metaspace       used 77020K, capacity 80699K, committed 80792K, reserved 1120256K
  class space    used 10145K, capacity 10858K, committed 10928K, reserved 1048576K
}

