# JRE version: OpenJDK Runtime Environment (8.0_242-b01) (build 1.8.0_242-release-1644-b01)
# Java VM: OpenJDK 64-Bit Server VM (25.242-b01 mixed mode windows-amd64 compressed oops)
Heap:
 PSYoungGen      total 239616K, used 23182K [0x00000000d5580000, 0x00000000e7280000, 0x0000000100000000)
  eden space 221184K, 10% used [0x00000000d5580000,0x00000000d6c239c8,0x00000000e2d80000)
  from space 18432K, 0% used [0x00000000e3f80000,0x00000000e3f80000,0x00000000e5180000)
  to   space 18432K, 0% used [0x00000000e2d80000,0x00000000e2d80000,0x00000000e3f80000)
 ParOldGen       total 214016K, used 43326K [0x0000000080000000, 0x000000008d100000, 0x00000000d5580000)
  object space 214016K, 20% used [0x0000000080000000,0x0000000082a4fa00,0x000000008d100000)
 Metaspace       used 58326K, capacity 60702K, committed 60824K, reserved 1101824K
  class space    used 8062K, capacity 8575K, committed 8624K, reserved 1048576K
GC Heap History (10 events):
Event: 8.091 GC heap before
{Heap before GC invocations=9 (full 2):
 PSYoungGen      total 121344K, used 8255K [0x00000000d5580000, 0x00000000e2a00000, 0x0000000100000000)
  eden space 109568K, 0% used [0x00000000d5580000,0x00000000d5580000,0x00000000dc080000)
  from space 11776K, 70% used [0x00000000dc080000,0x00000000dc88fc50,0x00000000dcc00000)
  to   space 11776K, 0% used [0x00000000e1e80000,0x00000000e1e80000,0x00000000e2a00000)
 ParOldGen       total 92160K, used 7233K [0x0000000080000000, 0x0000000085a00000, 0x00000000d5580000)
  object space 92160K, 7% used [0x0000000080000000,0x0000000080710520,0x0000000085a00000)
 Metaspace       used 34355K, capacity 35412K, committed 35496K, reserved 1079296K
  class space    used 4733K, capacity 5003K, committed 5040K, reserved 1048576K
Event: 8.156 GC heap after
Heap after GC invocations=9 (full 2):
 PSYoungGen      total 121344K, used 0K [0x00000000d5580000, 0x00000000e2a00000, 0x0000000100000000)
  eden space 109568K, 0% used [0x00000000d5580000,0x00000000d5580000,0x00000000dc080000)
  from space 11776K, 0% used [0x00000000dc080000,0x00000000dc080000,0x00000000dcc00000)
  to   space 11776K, 0% used [0x00000000e1e80000,0x00000000e1e80000,0x00000000e2a00000)
 ParOldGen       total 134144K, used 14644K [0x0000000080000000, 0x0000000088300000, 0x00000000d5580000)
  object space 134144K, 10% used [0x0000000080000000,0x0000000080e4d0f0,0x0000000088300000)
 Metaspace       used 34355K, capacity 35412K, committed 35496K, reserved 1079296K
  class space    used 4733K, capacity 5003K, committed 5040K, reserved 1048576K
}
Event: 9.613 GC heap before
{Heap before GC invocations=10 (full 2):
 PSYoungGen      total 121344K, used 109568K [0x00000000d5580000, 0x00000000e2a00000, 0x0000000100000000)
  eden space 109568K, 100% used [0x00000000d5580000,0x00000000dc080000,0x00000000dc080000)
  from space 11776K, 0% used [0x00000000dc080000,0x00000000dc080000,0x00000000dcc00000)
  to   space 11776K, 0% used [0x00000000e1e80000,0x00000000e1e80000,0x00000000e2a00000)
 ParOldGen       total 134144K, used 14644K [0x0000000080000000, 0x0000000088300000, 0x00000000d5580000)
  object space 134144K, 10% used [0x0000000080000000,0x0000000080e4d0f0,0x0000000088300000)
 Metaspace       used 38831K, capacity 40584K, committed 40872K, reserved 1085440K
  class space    used 5365K, capacity 5736K, committed 5808K, reserved 1048576K
Event: 9.624 GC heap after
Heap after GC invocations=10 (full 2):
 PSYoungGen      total 179200K, used 9461K [0x00000000d5580000, 0x00000000e2800000, 0x0000000100000000)
  eden space 169472K, 0% used [0x00000000d5580000,0x00000000d5580000,0x00000000dfb00000)
  from space 9728K, 97% used [0x00000000e1e80000,0x00000000e27bd5a8,0x00000000e2800000)
  to   space 11776K, 0% used [0x00000000e1100000,0x00000000e1100000,0x00000000e1c80000)
 ParOldGen       total 134144K, used 14652K [0x0000000080000000, 0x0000000088300000, 0x00000000d5580000)
  object space 134144K, 10% used [0x0000000080000000,0x0000000080e4f0f0,0x0000000088300000)
 Metaspace       used 38831K, capacity 40584K, committed 40872K, reserved 1085440K
  class space    used 5365K, capacity 5736K, committed 5808K, reserved 1048576K
}
Event: 12.613 GC heap before
{Heap before GC invocations=11 (full 2):
 PSYoungGen      total 179200K, used 178933K [0x00000000d5580000, 0x00000000e2800000, 0x0000000100000000)
  eden space 169472K, 100% used [0x00000000d5580000,0x00000000dfb00000,0x00000000dfb00000)
  from space 9728K, 97% used [0x00000000e1e80000,0x00000000e27bd5a8,0x00000000e2800000)
  to   space 11776K, 0% used [0x00000000e1100000,0x00000000e1100000,0x00000000e1c80000)
 ParOldGen       total 134144K, used 14652K [0x0000000080000000, 0x0000000088300000, 0x00000000d5580000)
  object space 134144K, 10% used [0x0000000080000000,0x0000000080e4f0f0,0x0000000088300000)
 Metaspace       used 54381K, capacity 56572K, committed 56872K, reserved 1097728K
  class space    used 7399K, capacity 7865K, committed 7984K, reserved 1048576K
Event: 12.639 GC heap after
Heap after GC invocations=11 (full 2):
 PSYoungGen      total 203776K, used 11748K [0x00000000d5580000, 0x00000000e5180000, 0x0000000100000000)
  eden space 192000K, 0% used [0x00000000d5580000,0x00000000d5580000,0x00000000e1100000)
  from space 11776K, 99% used [0x00000000e1100000,0x00000000e1c79330,0x00000000e1c80000)
  to   space 18432K, 0% used [0x00000000e3f80000,0x00000000e3f80000,0x00000000e5180000)
 ParOldGen       total 134144K, used 29525K [0x0000000080000000, 0x0000000088300000, 0x00000000d5580000)
  object space 134144K, 22% used [0x0000000080000000,0x0000000081cd5540,0x0000000088300000)
 Metaspace       used 54381K, capacity 56572K, committed 56872K, reserved 1097728K
  class space    used 7399K, capacity 7865K, committed 7984K, reserved 1048576K
}
Event: 13.364 GC heap before
{Heap before GC invocations=12 (full 2):
 PSYoungGen      total 203776K, used 67186K [0x00000000d5580000, 0x00000000e5180000, 0x0000000100000000)
  eden space 192000K, 28% used [0x00000000d5580000,0x00000000d8ba36b0,0x00000000e1100000)
  from space 11776K, 99% used [0x00000000e1100000,0x00000000e1c79330,0x00000000e1c80000)
  to   space 18432K, 0% used [0x00000000e3f80000,0x00000000e3f80000,0x00000000e5180000)
 ParOldGen       total 134144K, used 29525K [0x0000000080000000, 0x0000000088300000, 0x00000000d5580000)
  object space 134144K, 22% used [0x0000000080000000,0x0000000081cd5540,0x0000000088300000)
 Metaspace       used 56688K, capacity 59050K, committed 59160K, reserved 1099776K
  class space    used 7762K, capacity 8227K, committed 8240K, reserved 1048576K
Event: 13.387 GC heap after
Heap after GC invocations=12 (full 2):
 PSYoungGen      total 239616K, used 12617K [0x00000000d5580000, 0x00000000e7280000, 0x0000000100000000)
  eden space 221184K, 0% used [0x00000000d5580000,0x00000000d5580000,0x00000000e2d80000)
  from space 18432K, 68% used [0x00000000e3f80000,0x00000000e4bd2520,0x00000000e5180000)
  to   space 18432K, 0% used [0x00000000e2d80000,0x00000000e2d80000,0x00000000e3f80000)
 ParOldGen       total 134144K, used 33779K [0x0000000080000000, 0x0000000088300000, 0x00000000d5580000)
  object space 134144K, 25% used [0x0000000080000000,0x00000000820fccd0,0x0000000088300000)
 Metaspace       used 56688K, capacity 59050K, committed 59160K, reserved 1099776K
  class space    used 7762K, capacity 8227K, committed 8240K, reserved 1048576K
}
Event: 13.388 GC heap before
{Heap before GC invocations=13 (full 3):
 PSYoungGen      total 239616K, used 12617K [0x00000000d5580000, 0x00000000e7280000, 0x0000000100000000)
  eden space 221184K, 0% used [0x00000000d5580000,0x00000000d5580000,0x00000000e2d80000)
  from space 18432K, 68% used [0x00000000e3f80000,0x00000000e4bd2520,0x00000000e5180000)
  to   space 18432K, 0% used [0x00000000e2d80000,0x00000000e2d80000,0x00000000e3f80000)
 ParOldGen       total 134144K, used 33779K [0x0000000080000000, 0x0000000088300000, 0x00000000d5580000)
  object space 134144K, 25% used [0x0000000080000000,0x00000000820fccd0,0x0000000088300000)
 Metaspace       used 56688K, capacity 59050K, committed 59160K, reserved 1099776K
  class space    used 7762K, capacity 8227K, committed 8240K, reserved 1048576K
Event: 13.762 GC heap after
Heap after GC invocations=13 (full 3):
 PSYoungGen      total 239616K, used 0K [0x00000000d5580000, 0x00000000e7280000, 0x0000000100000000)
  eden space 221184K, 0% used [0x00000000d5580000,0x00000000d5580000,0x00000000e2d80000)
  from space 18432K, 0% used [0x00000000e3f80000,0x00000000e3f80000,0x00000000e5180000)
  to   space 18432K, 0% used [0x00000000e2d80000,0x00000000e2d80000,0x00000000e3f80000)
 ParOldGen       total 214016K, used 43326K [0x0000000080000000, 0x000000008d100000, 0x00000000d5580000)
  object space 214016K, 20% used [0x0000000080000000,0x0000000082a4fa00,0x000000008d100000)
 Metaspace       used 56668K, capacity 58984K, committed 59160K, reserved 1099776K
  class space    used 7756K, capacity 8216K, committed 8240K, reserved 1048576K
}

