# JRE version: OpenJDK Runtime Environment (8.0_242-b01) (build 1.8.0_242-release-1644-b01)
# Java VM: OpenJDK 64-Bit Server VM (25.242-b01 mixed mode windows-amd64 compressed oops)
Heap:
 PSYoungGen      total 565760K, used 431850K [0x00000000d5580000, 0x00000000ff580000, 0x0000000100000000)
  eden space 521728K, 80% used [0x00000000d5580000,0x00000000eee67808,0x00000000f5300000)
  from space 44032K, 29% used [0x00000000f5300000,0x00000000f5fd3270,0x00000000f7e00000)
  to   space 43008K, 0% used [0x00000000fcb80000,0x00000000fcb80000,0x00000000ff580000)
 ParOldGen       total 324096K, used 75853K [0x0000000080000000, 0x0000000093c80000, 0x00000000d5580000)
  object space 324096K, 23% used [0x0000000080000000,0x0000000084a135b8,0x0000000093c80000)
 Metaspace       used 98950K, capacity 104082K, committed 105752K, reserved 1140736K
  class space    used 12637K, capacity 13559K, committed 14128K, reserved 1048576K
GC Heap History (10 events):
Event: 16.298 GC heap before
{Heap before GC invocations=15 (full 3):
 PSYoungGen      total 409600K, used 87361K [0x00000000d5580000, 0x00000000f5700000, 0x0000000100000000)
  eden space 372224K, 13% used [0x00000000d5580000,0x00000000d8655528,0x00000000ec100000)
  from space 37376K, 99% used [0x00000000ec100000,0x00000000ee57b1e0,0x00000000ee580000)
  to   space 45056K, 0% used [0x00000000f2b00000,0x00000000f2b00000,0x00000000f5700000)
 ParOldGen       total 219648K, used 57134K [0x0000000080000000, 0x000000008d680000, 0x00000000d5580000)
  object space 219648K, 26% used [0x0000000080000000,0x00000000837cb960,0x000000008d680000)
 Metaspace       used 92317K, capacity 98488K, committed 98600K, reserved 1134592K
  class space    used 12507K, capacity 13672K, committed 13744K, reserved 1048576K
Event: 16.327 GC heap after
Heap after GC invocations=15 (full 3):
 PSYoungGen      total 481792K, used 12758K [0x00000000d5580000, 0x00000000f7300000, 0x0000000100000000)
  eden space 436736K, 0% used [0x00000000d5580000,0x00000000d5580000,0x00000000f0000000)
  from space 45056K, 28% used [0x00000000f2b00000,0x00000000f3775be8,0x00000000f5700000)
  to   space 44032K, 0% used [0x00000000f0000000,0x00000000f0000000,0x00000000f2b00000)
 ParOldGen       total 219648K, used 83333K [0x0000000080000000, 0x000000008d680000, 0x00000000d5580000)
  object space 219648K, 37% used [0x0000000080000000,0x00000000851615b8,0x000000008d680000)
 Metaspace       used 92317K, capacity 98488K, committed 98600K, reserved 1134592K
  class space    used 12507K, capacity 13672K, committed 13744K, reserved 1048576K
}
Event: 16.327 GC heap before
{Heap before GC invocations=16 (full 4):
 PSYoungGen      total 481792K, used 12758K [0x00000000d5580000, 0x00000000f7300000, 0x0000000100000000)
  eden space 436736K, 0% used [0x00000000d5580000,0x00000000d5580000,0x00000000f0000000)
  from space 45056K, 28% used [0x00000000f2b00000,0x00000000f3775be8,0x00000000f5700000)
  to   space 44032K, 0% used [0x00000000f0000000,0x00000000f0000000,0x00000000f2b00000)
 ParOldGen       total 219648K, used 83333K [0x0000000080000000, 0x000000008d680000, 0x00000000d5580000)
  object space 219648K, 37% used [0x0000000080000000,0x00000000851615b8,0x000000008d680000)
 Metaspace       used 92317K, capacity 98488K, committed 98600K, reserved 1134592K
  class space    used 12507K, capacity 13672K, committed 13744K, reserved 1048576K
Event: 16.538 GC heap after
Heap after GC invocations=16 (full 4):
 PSYoungGen      total 481792K, used 0K [0x00000000d5580000, 0x00000000f7300000, 0x0000000100000000)
  eden space 436736K, 0% used [0x00000000d5580000,0x00000000d5580000,0x00000000f0000000)
  from space 45056K, 0% used [0x00000000f2b00000,0x00000000f2b00000,0x00000000f5700000)
  to   space 44032K, 0% used [0x00000000f0000000,0x00000000f0000000,0x00000000f2b00000)
 ParOldGen       total 324096K, used 75829K [0x0000000080000000, 0x0000000093c80000, 0x00000000d5580000)
  object space 324096K, 23% used [0x0000000080000000,0x0000000084a0d5b8,0x0000000093c80000)
 Metaspace       used 91108K, capacity 95460K, committed 98600K, reserved 1134592K
  class space    used 12087K, capacity 12926K, committed 13744K, reserved 1048576K
}
Event: 845.270 GC heap before
{Heap before GC invocations=17 (full 4):
 PSYoungGen      total 481792K, used 436736K [0x00000000d5580000, 0x00000000f7300000, 0x0000000100000000)
  eden space 436736K, 100% used [0x00000000d5580000,0x00000000f0000000,0x00000000f0000000)
  from space 45056K, 0% used [0x00000000f2b00000,0x00000000f2b00000,0x00000000f5700000)
  to   space 44032K, 0% used [0x00000000f0000000,0x00000000f0000000,0x00000000f2b00000)
 ParOldGen       total 324096K, used 75829K [0x0000000080000000, 0x0000000093c80000, 0x00000000d5580000)
  object space 324096K, 23% used [0x0000000080000000,0x0000000084a0d5b8,0x0000000093c80000)
 Metaspace       used 96309K, capacity 100818K, committed 103704K, reserved 1138688K
  class space    used 12493K, capacity 13365K, committed 14128K, reserved 1048576K
Event: 845.284 GC heap after
Heap after GC invocations=17 (full 4):
 PSYoungGen      total 480768K, used 14497K [0x00000000d5580000, 0x00000000fb400000, 0x0000000100000000)
  eden space 436736K, 0% used [0x00000000d5580000,0x00000000d5580000,0x00000000f0000000)
  from space 44032K, 32% used [0x00000000f0000000,0x00000000f0e28650,0x00000000f2b00000)
  to   space 41984K, 0% used [0x00000000f8b00000,0x00000000f8b00000,0x00000000fb400000)
 ParOldGen       total 324096K, used 75837K [0x0000000080000000, 0x0000000093c80000, 0x00000000d5580000)
  object space 324096K, 23% used [0x0000000080000000,0x0000000084a0f5b8,0x0000000093c80000)
 Metaspace       used 96309K, capacity 100818K, committed 103704K, reserved 1138688K
  class space    used 12493K, capacity 13365K, committed 14128K, reserved 1048576K
}
Event: 902.553 GC heap before
{Heap before GC invocations=18 (full 4):
 PSYoungGen      total 480768K, used 451233K [0x00000000d5580000, 0x00000000fb400000, 0x0000000100000000)
  eden space 436736K, 100% used [0x00000000d5580000,0x00000000f0000000,0x00000000f0000000)
  from space 44032K, 32% used [0x00000000f0000000,0x00000000f0e28650,0x00000000f2b00000)
  to   space 41984K, 0% used [0x00000000f8b00000,0x00000000f8b00000,0x00000000fb400000)
 ParOldGen       total 324096K, used 75837K [0x0000000080000000, 0x0000000093c80000, 0x00000000d5580000)
  object space 324096K, 23% used [0x0000000080000000,0x0000000084a0f5b8,0x0000000093c80000)
 Metaspace       used 97520K, capacity 102372K, committed 104728K, reserved 1140736K
  class space    used 12560K, capacity 13440K, committed 14128K, reserved 1048576K
Event: 902.590 GC heap after
Heap after GC invocations=18 (full 4):
 PSYoungGen      total 551424K, used 30357K [0x00000000d5580000, 0x00000000fa900000, 0x0000000100000000)
  eden space 520704K, 0% used [0x00000000d5580000,0x00000000d5580000,0x00000000f5200000)
  from space 30720K, 98% used [0x00000000f8b00000,0x00000000fa8a55d8,0x00000000fa900000)
  to   space 44032K, 0% used [0x00000000f5300000,0x00000000f5300000,0x00000000f7e00000)
 ParOldGen       total 324096K, used 75845K [0x0000000080000000, 0x0000000093c80000, 0x00000000d5580000)
  object space 324096K, 23% used [0x0000000080000000,0x0000000084a115b8,0x0000000093c80000)
 Metaspace       used 97520K, capacity 102372K, committed 104728K, reserved 1140736K
  class space    used 12560K, capacity 13440K, committed 14128K, reserved 1048576K
}
Event: 6733.790 GC heap before
{Heap before GC invocations=19 (full 4):
 PSYoungGen      total 551424K, used 551061K [0x00000000d5580000, 0x00000000fa900000, 0x0000000100000000)
  eden space 520704K, 100% used [0x00000000d5580000,0x00000000f5200000,0x00000000f5200000)
  from space 30720K, 98% used [0x00000000f8b00000,0x00000000fa8a55d8,0x00000000fa900000)
  to   space 44032K, 0% used [0x00000000f5300000,0x00000000f5300000,0x00000000f7e00000)
 ParOldGen       total 324096K, used 75845K [0x0000000080000000, 0x0000000093c80000, 0x00000000d5580000)
  object space 324096K, 23% used [0x0000000080000000,0x0000000084a115b8,0x0000000093c80000)
 Metaspace       used 98281K, capacity 103252K, committed 105240K, reserved 1140736K
  class space    used 12591K, capacity 13494K, committed 14128K, reserved 1048576K
Event: 6733.801 GC heap after
Heap after GC invocations=19 (full 4):
 PSYoungGen      total 565760K, used 13132K [0x00000000d5580000, 0x00000000ff580000, 0x0000000100000000)
  eden space 521728K, 0% used [0x00000000d5580000,0x00000000d5580000,0x00000000f5300000)
  from space 44032K, 29% used [0x00000000f5300000,0x00000000f5fd3270,0x00000000f7e00000)
  to   space 43008K, 0% used [0x00000000fcb80000,0x00000000fcb80000,0x00000000ff580000)
 ParOldGen       total 324096K, used 75853K [0x0000000080000000, 0x0000000093c80000, 0x00000000d5580000)
  object space 324096K, 23% used [0x0000000080000000,0x0000000084a135b8,0x0000000093c80000)
 Metaspace       used 98281K, capacity 103252K, committed 105240K, reserved 1140736K
  class space    used 12591K, capacity 13494K, committed 14128K, reserved 1048576K
}

