# JRE version: OpenJDK Runtime Environment (8.0_242-b01) (build 1.8.0_242-release-1644-b01)
# Java VM: OpenJDK 64-Bit Server VM (25.242-b01 mixed mode windows-amd64 compressed oops)
Heap:
 PSYoungGen      total 230912K, used 167580K [0x00000000d5580000, 0x00000000e7480000, 0x0000000100000000)
  eden space 210944K, 70% used [0x00000000d5580000,0x00000000de6352f8,0x00000000e2380000)
  from space 19968K, 97% used [0x00000000e2380000,0x00000000e3671fb0,0x00000000e3700000)
  to   space 22016K, 0% used [0x00000000e5f00000,0x00000000e5f00000,0x00000000e7480000)
 ParOldGen       total 212480K, used 36416K [0x0000000080000000, 0x000000008cf80000, 0x00000000d5580000)
  object space 212480K, 17% used [0x0000000080000000,0x0000000082390390,0x000000008cf80000)
 Metaspace       used 68595K, capacity 71822K, committed 71960K, reserved 1112064K
  class space    used 9333K, capacity 9967K, committed 10032K, reserved 1048576K
GC Heap History (10 events):
Event: 9.598 GC heap before
{Heap before GC invocations=10 (full 2):
 PSYoungGen      total 120320K, used 108544K [0x00000000d5580000, 0x00000000e2500000, 0x0000000100000000)
  eden space 108544K, 100% used [0x00000000d5580000,0x00000000dbf80000,0x00000000dbf80000)
  from space 11776K, 0% used [0x00000000dbf80000,0x00000000dbf80000,0x00000000dcb00000)
  to   space 11776K, 0% used [0x00000000e1980000,0x00000000e1980000,0x00000000e2500000)
 ParOldGen       total 136704K, used 14504K [0x0000000080000000, 0x0000000088580000, 0x00000000d5580000)
  object space 136704K, 10% used [0x0000000080000000,0x0000000080e2a0f8,0x0000000088580000)
 Metaspace       used 38119K, capacity 39796K, committed 39976K, reserved 1083392K
  class space    used 5260K, capacity 5584K, committed 5680K, reserved 1048576K
Event: 9.609 GC heap after
Heap after GC invocations=10 (full 2):
 PSYoungGen      total 173568K, used 8687K [0x00000000d5580000, 0x00000000e2200000, 0x0000000100000000)
  eden space 164864K, 0% used [0x00000000d5580000,0x00000000d5580000,0x00000000df680000)
  from space 8704K, 99% used [0x00000000e1980000,0x00000000e21fbee8,0x00000000e2200000)
  to   space 11264K, 0% used [0x00000000e0c00000,0x00000000e0c00000,0x00000000e1700000)
 ParOldGen       total 136704K, used 14512K [0x0000000080000000, 0x0000000088580000, 0x00000000d5580000)
  object space 136704K, 10% used [0x0000000080000000,0x0000000080e2c0f8,0x0000000088580000)
 Metaspace       used 38119K, capacity 39796K, committed 39976K, reserved 1083392K
  class space    used 5260K, capacity 5584K, committed 5680K, reserved 1048576K
}
Event: 12.382 GC heap before
{Heap before GC invocations=11 (full 2):
 PSYoungGen      total 173568K, used 173551K [0x00000000d5580000, 0x00000000e2200000, 0x0000000100000000)
  eden space 164864K, 100% used [0x00000000d5580000,0x00000000df680000,0x00000000df680000)
  from space 8704K, 99% used [0x00000000e1980000,0x00000000e21fbee8,0x00000000e2200000)
  to   space 11264K, 0% used [0x00000000e0c00000,0x00000000e0c00000,0x00000000e1700000)
 ParOldGen       total 136704K, used 14512K [0x0000000080000000, 0x0000000088580000, 0x00000000d5580000)
  object space 136704K, 10% used [0x0000000080000000,0x0000000080e2c0f8,0x0000000088580000)
 Metaspace       used 52368K, capacity 54400K, committed 54568K, reserved 1095680K
  class space    used 7015K, capacity 7428K, committed 7472K, reserved 1048576K
Event: 12.410 GC heap after
Heap after GC invocations=11 (full 2):
 PSYoungGen      total 198144K, used 11236K [0x00000000d5580000, 0x00000000e4880000, 0x0000000100000000)
  eden space 186880K, 0% used [0x00000000d5580000,0x00000000d5580000,0x00000000e0c00000)
  from space 11264K, 99% used [0x00000000e0c00000,0x00000000e16f92f0,0x00000000e1700000)
  to   space 17920K, 0% used [0x00000000e3700000,0x00000000e3700000,0x00000000e4880000)
 ParOldGen       total 136704K, used 28319K [0x0000000080000000, 0x0000000088580000, 0x00000000d5580000)
  object space 136704K, 20% used [0x0000000080000000,0x0000000081ba7f48,0x0000000088580000)
 Metaspace       used 52368K, capacity 54400K, committed 54568K, reserved 1095680K
  class space    used 7015K, capacity 7428K, committed 7472K, reserved 1048576K
}
Event: 13.769 GC heap before
{Heap before GC invocations=12 (full 2):
 PSYoungGen      total 198144K, used 81731K [0x00000000d5580000, 0x00000000e4880000, 0x0000000100000000)
  eden space 186880K, 37% used [0x00000000d5580000,0x00000000d9a57c60,0x00000000e0c00000)
  from space 11264K, 99% used [0x00000000e0c00000,0x00000000e16f92f0,0x00000000e1700000)
  to   space 17920K, 0% used [0x00000000e3700000,0x00000000e3700000,0x00000000e4880000)
 ParOldGen       total 136704K, used 28319K [0x0000000080000000, 0x0000000088580000, 0x00000000d5580000)
  object space 136704K, 20% used [0x0000000080000000,0x0000000081ba7f48,0x0000000088580000)
 Metaspace       used 56709K, capacity 59092K, committed 59160K, reserved 1099776K
  class space    used 7772K, capacity 8234K, committed 8240K, reserved 1048576K
Event: 13.794 GC heap after
Heap after GC invocations=12 (full 2):
 PSYoungGen      total 228864K, used 17896K [0x00000000d5580000, 0x00000000e6800000, 0x0000000100000000)
  eden space 210944K, 0% used [0x00000000d5580000,0x00000000d5580000,0x00000000e2380000)
  from space 17920K, 99% used [0x00000000e3700000,0x00000000e487a388,0x00000000e4880000)
  to   space 19968K, 0% used [0x00000000e2380000,0x00000000e2380000,0x00000000e3700000)
 ParOldGen       total 136704K, used 28903K [0x0000000080000000, 0x0000000088580000, 0x00000000d5580000)
  object space 136704K, 21% used [0x0000000080000000,0x0000000081c39d40,0x0000000088580000)
 Metaspace       used 56709K, capacity 59092K, committed 59160K, reserved 1099776K
  class space    used 7772K, capacity 8234K, committed 8240K, reserved 1048576K
}
Event: 13.794 GC heap before
{Heap before GC invocations=13 (full 3):
 PSYoungGen      total 228864K, used 17896K [0x00000000d5580000, 0x00000000e6800000, 0x0000000100000000)
  eden space 210944K, 0% used [0x00000000d5580000,0x00000000d5580000,0x00000000e2380000)
  from space 17920K, 99% used [0x00000000e3700000,0x00000000e487a388,0x00000000e4880000)
  to   space 19968K, 0% used [0x00000000e2380000,0x00000000e2380000,0x00000000e3700000)
 ParOldGen       total 136704K, used 28903K [0x0000000080000000, 0x0000000088580000, 0x00000000d5580000)
  object space 136704K, 21% used [0x0000000080000000,0x0000000081c39d40,0x0000000088580000)
 Metaspace       used 56709K, capacity 59092K, committed 59160K, reserved 1099776K
  class space    used 7772K, capacity 8234K, committed 8240K, reserved 1048576K
Event: 14.178 GC heap after
Heap after GC invocations=13 (full 3):
 PSYoungGen      total 228864K, used 0K [0x00000000d5580000, 0x00000000e6800000, 0x0000000100000000)
  eden space 210944K, 0% used [0x00000000d5580000,0x00000000d5580000,0x00000000e2380000)
  from space 17920K, 0% used [0x00000000e3700000,0x00000000e3700000,0x00000000e4880000)
  to   space 19968K, 0% used [0x00000000e2380000,0x00000000e2380000,0x00000000e3700000)
 ParOldGen       total 212480K, used 36408K [0x0000000080000000, 0x000000008cf80000, 0x00000000d5580000)
  object space 212480K, 17% used [0x0000000080000000,0x000000008238e390,0x000000008cf80000)
 Metaspace       used 56677K, capacity 58984K, committed 59160K, reserved 1099776K
  class space    used 7762K, capacity 8216K, committed 8240K, reserved 1048576K
}
Event: 17.774 GC heap before
{Heap before GC invocations=14 (full 3):
 PSYoungGen      total 228864K, used 210944K [0x00000000d5580000, 0x00000000e6800000, 0x0000000100000000)
  eden space 210944K, 100% used [0x00000000d5580000,0x00000000e2380000,0x00000000e2380000)
  from space 17920K, 0% used [0x00000000e3700000,0x00000000e3700000,0x00000000e4880000)
  to   space 19968K, 0% used [0x00000000e2380000,0x00000000e2380000,0x00000000e3700000)
 ParOldGen       total 212480K, used 36408K [0x0000000080000000, 0x000000008cf80000, 0x00000000d5580000)
  object space 212480K, 17% used [0x0000000080000000,0x000000008238e390,0x000000008cf80000)
 Metaspace       used 64722K, capacity 67950K, committed 68248K, reserved 1107968K
  class space    used 8941K, capacity 9585K, committed 9648K, reserved 1048576K
Event: 17.801 GC heap after
Heap after GC invocations=14 (full 3):
 PSYoungGen      total 230912K, used 19399K [0x00000000d5580000, 0x00000000e7480000, 0x0000000100000000)
  eden space 210944K, 0% used [0x00000000d5580000,0x00000000d5580000,0x00000000e2380000)
  from space 19968K, 97% used [0x00000000e2380000,0x00000000e3671fb0,0x00000000e3700000)
  to   space 22016K, 0% used [0x00000000e5f00000,0x00000000e5f00000,0x00000000e7480000)
 ParOldGen       total 212480K, used 36416K [0x0000000080000000, 0x000000008cf80000, 0x00000000d5580000)
  object space 212480K, 17% used [0x0000000080000000,0x0000000082390390,0x000000008cf80000)
 Metaspace       used 64722K, capacity 67950K, committed 68248K, reserved 1107968K
  class space    used 8941K, capacity 9585K, committed 9648K, reserved 1048576K
}

