# JRE version: OpenJDK Runtime Environment (8.0_242-b01) (build 1.8.0_242-release-1644-b01)
# Java VM: OpenJDK 64-Bit Server VM (25.242-b01 mixed mode windows-amd64 compressed oops)
Heap:
 PSYoungGen      total 120320K, used 73217K [0x00000000d5580000, 0x00000000dd800000, 0x0000000100000000)
  eden space 107008K, 68% used [0x00000000d5580000,0x00000000d9d005c0,0x00000000dbe00000)
  from space 13312K, 0% used [0x00000000dbe00000,0x00000000dbe00000,0x00000000dcb00000)
  to   space 12288K, 0% used [0x00000000dcb80000,0x00000000dcb80000,0x00000000dd780000)
 ParOldGen       total 138240K, used 14720K [0x0000000080000000, 0x0000000088700000, 0x00000000d5580000)
  object space 138240K, 10% used [0x0000000080000000,0x0000000080e601f0,0x0000000088700000)
 Metaspace       used 37105K, capacity 38712K, committed 39000K, reserved 1083392K
  class space    used 5114K, capacity 5447K, committed 5504K, reserved 1048576K
GC Heap History (10 events):
Event: 2.671 GC heap before
{Heap before GC invocations=5 (full 1):
 PSYoungGen      total 75776K, used 7300K [0x00000000d5580000, 0x00000000de980000, 0x0000000100000000)
  eden space 65024K, 0% used [0x00000000d5580000,0x00000000d5580000,0x00000000d9500000)
  from space 10752K, 67% used [0x00000000d9f80000,0x00000000da6a1050,0x00000000daa00000)
  to   space 10752K, 0% used [0x00000000d9500000,0x00000000d9500000,0x00000000d9f80000)
 ParOldGen       total 173568K, used 878K [0x0000000080000000, 0x000000008a980000, 0x00000000d5580000)
  object space 173568K, 0% used [0x0000000080000000,0x00000000800db9a0,0x000000008a980000)
 Metaspace       used 20478K, capacity 21158K, committed 21248K, reserved 1067008K
  class space    used 2856K, capacity 3037K, committed 3072K, reserved 1048576K
Event: 2.699 GC heap after
Heap after GC invocations=5 (full 1):
 PSYoungGen      total 75776K, used 0K [0x00000000d5580000, 0x00000000de980000, 0x0000000100000000)
  eden space 65024K, 0% used [0x00000000d5580000,0x00000000d5580000,0x00000000d9500000)
  from space 10752K, 0% used [0x00000000d9f80000,0x00000000d9f80000,0x00000000daa00000)
  to   space 10752K, 0% used [0x00000000d9500000,0x00000000d9500000,0x00000000d9f80000)
 ParOldGen       total 92160K, used 7101K [0x0000000080000000, 0x0000000085a00000, 0x00000000d5580000)
  object space 92160K, 7% used [0x0000000080000000,0x00000000806ef4d8,0x0000000085a00000)
 Metaspace       used 20478K, capacity 21158K, committed 21248K, reserved 1067008K
  class space    used 2856K, capacity 3037K, committed 3072K, reserved 1048576K
}
Event: 3.376 GC heap before
{Heap before GC invocations=6 (full 1):
 PSYoungGen      total 75776K, used 65024K [0x00000000d5580000, 0x00000000de980000, 0x0000000100000000)
  eden space 65024K, 100% used [0x00000000d5580000,0x00000000d9500000,0x00000000d9500000)
  from space 10752K, 0% used [0x00000000d9f80000,0x00000000d9f80000,0x00000000daa00000)
  to   space 10752K, 0% used [0x00000000d9500000,0x00000000d9500000,0x00000000d9f80000)
 ParOldGen       total 92160K, used 7101K [0x0000000080000000, 0x0000000085a00000, 0x00000000d5580000)
  object space 92160K, 7% used [0x0000000080000000,0x00000000806ef4d8,0x0000000085a00000)
 Metaspace       used 25161K, capacity 26200K, committed 26496K, reserved 1071104K
  class space    used 3592K, capacity 3882K, committed 3968K, reserved 1048576K
Event: 3.380 GC heap after
Heap after GC invocations=6 (full 1):
 PSYoungGen      total 75776K, used 6395K [0x00000000d5580000, 0x00000000dd780000, 0x0000000100000000)
  eden space 65024K, 0% used [0x00000000d5580000,0x00000000d5580000,0x00000000d9500000)
  from space 10752K, 59% used [0x00000000d9500000,0x00000000d9b3ed00,0x00000000d9f80000)
  to   space 12288K, 0% used [0x00000000dcb80000,0x00000000dcb80000,0x00000000dd780000)
 ParOldGen       total 92160K, used 7109K [0x0000000080000000, 0x0000000085a00000, 0x00000000d5580000)
  object space 92160K, 7% used [0x0000000080000000,0x00000000806f14d8,0x0000000085a00000)
 Metaspace       used 25161K, capacity 26200K, committed 26496K, reserved 1071104K
  class space    used 3592K, capacity 3882K, committed 3968K, reserved 1048576K
}
Event: 4.162 GC heap before
{Heap before GC invocations=7 (full 1):
 PSYoungGen      total 75776K, used 71419K [0x00000000d5580000, 0x00000000dd780000, 0x0000000100000000)
  eden space 65024K, 100% used [0x00000000d5580000,0x00000000d9500000,0x00000000d9500000)
  from space 10752K, 59% used [0x00000000d9500000,0x00000000d9b3ed00,0x00000000d9f80000)
  to   space 12288K, 0% used [0x00000000dcb80000,0x00000000dcb80000,0x00000000dd780000)
 ParOldGen       total 92160K, used 7109K [0x0000000080000000, 0x0000000085a00000, 0x00000000d5580000)
  object space 92160K, 7% used [0x0000000080000000,0x00000000806f14d8,0x0000000085a00000)
 Metaspace       used 33004K, capacity 34196K, committed 34304K, reserved 1079296K
  class space    used 4466K, capacity 4777K, committed 4864K, reserved 1048576K
Event: 4.170 GC heap after
Heap after GC invocations=7 (full 1):
 PSYoungGen      total 119296K, used 10155K [0x00000000d5580000, 0x00000000dd800000, 0x0000000100000000)
  eden space 107008K, 0% used [0x00000000d5580000,0x00000000d5580000,0x00000000dbe00000)
  from space 12288K, 82% used [0x00000000dcb80000,0x00000000dd56ac00,0x00000000dd780000)
  to   space 13312K, 0% used [0x00000000dbe00000,0x00000000dbe00000,0x00000000dcb00000)
 ParOldGen       total 92160K, used 7117K [0x0000000080000000, 0x0000000085a00000, 0x00000000d5580000)
  object space 92160K, 7% used [0x0000000080000000,0x00000000806f34d8,0x0000000085a00000)
 Metaspace       used 33004K, capacity 34196K, committed 34304K, reserved 1079296K
  class space    used 4466K, capacity 4777K, committed 4864K, reserved 1048576K
}
Event: 4.397 GC heap before
{Heap before GC invocations=8 (full 1):
 PSYoungGen      total 119296K, used 34819K [0x00000000d5580000, 0x00000000dd800000, 0x0000000100000000)
  eden space 107008K, 23% used [0x00000000d5580000,0x00000000d6d96368,0x00000000dbe00000)
  from space 12288K, 82% used [0x00000000dcb80000,0x00000000dd56ac00,0x00000000dd780000)
  to   space 13312K, 0% used [0x00000000dbe00000,0x00000000dbe00000,0x00000000dcb00000)
 ParOldGen       total 92160K, used 7117K [0x0000000080000000, 0x0000000085a00000, 0x00000000d5580000)
  object space 92160K, 7% used [0x0000000080000000,0x00000000806f34d8,0x0000000085a00000)
 Metaspace       used 33981K, capacity 35244K, committed 35416K, reserved 1079296K
  class space    used 4585K, capacity 4879K, committed 4992K, reserved 1048576K
Event: 4.406 GC heap after
Heap after GC invocations=8 (full 1):
 PSYoungGen      total 120320K, used 8250K [0x00000000d5580000, 0x00000000dd800000, 0x0000000100000000)
  eden space 107008K, 0% used [0x00000000d5580000,0x00000000d5580000,0x00000000dbe00000)
  from space 13312K, 61% used [0x00000000dbe00000,0x00000000dc60e8a0,0x00000000dcb00000)
  to   space 12288K, 0% used [0x00000000dcb80000,0x00000000dcb80000,0x00000000dd780000)
 ParOldGen       total 92160K, used 7125K [0x0000000080000000, 0x0000000085a00000, 0x00000000d5580000)
  object space 92160K, 7% used [0x0000000080000000,0x00000000806f54d8,0x0000000085a00000)
 Metaspace       used 33981K, capacity 35244K, committed 35416K, reserved 1079296K
  class space    used 4585K, capacity 4879K, committed 4992K, reserved 1048576K
}
Event: 4.406 GC heap before
{Heap before GC invocations=9 (full 2):
 PSYoungGen      total 120320K, used 8250K [0x00000000d5580000, 0x00000000dd800000, 0x0000000100000000)
  eden space 107008K, 0% used [0x00000000d5580000,0x00000000d5580000,0x00000000dbe00000)
  from space 13312K, 61% used [0x00000000dbe00000,0x00000000dc60e8a0,0x00000000dcb00000)
  to   space 12288K, 0% used [0x00000000dcb80000,0x00000000dcb80000,0x00000000dd780000)
 ParOldGen       total 92160K, used 7125K [0x0000000080000000, 0x0000000085a00000, 0x00000000d5580000)
  object space 92160K, 7% used [0x0000000080000000,0x00000000806f54d8,0x0000000085a00000)
 Metaspace       used 33981K, capacity 35244K, committed 35416K, reserved 1079296K
  class space    used 4585K, capacity 4879K, committed 4992K, reserved 1048576K
Event: 4.453 GC heap after
Heap after GC invocations=9 (full 2):
 PSYoungGen      total 120320K, used 0K [0x00000000d5580000, 0x00000000dd800000, 0x0000000100000000)
  eden space 107008K, 0% used [0x00000000d5580000,0x00000000d5580000,0x00000000dbe00000)
  from space 13312K, 0% used [0x00000000dbe00000,0x00000000dbe00000,0x00000000dcb00000)
  to   space 12288K, 0% used [0x00000000dcb80000,0x00000000dcb80000,0x00000000dd780000)
 ParOldGen       total 138240K, used 14720K [0x0000000080000000, 0x0000000088700000, 0x00000000d5580000)
  object space 138240K, 10% used [0x0000000080000000,0x0000000080e601f0,0x0000000088700000)
 Metaspace       used 33981K, capacity 35244K, committed 35416K, reserved 1079296K
  class space    used 4585K, capacity 4879K, committed 4992K, reserved 1048576K
}

