# JRE version: OpenJDK Runtime Environment (8.0_242-b01) (build 1.8.0_242-release-1644-b01)
# Java VM: OpenJDK 64-Bit Server VM (25.242-b01 mixed mode windows-amd64 compressed oops)
Heap:
 PSYoungGen      total 238592K, used 145573K [0x00000000d5580000, 0x00000000e4e00000, 0x0000000100000000)
  eden space 224768K, 64% used [0x00000000d5580000,0x00000000de3a96e8,0x00000000e3100000)
  from space 13824K, 0% used [0x00000000e4080000,0x00000000e4080000,0x00000000e4e00000)
  to   space 14848K, 0% used [0x00000000e3100000,0x00000000e3100000,0x00000000e3f80000)
 ParOldGen       total 89600K, used 14973K [0x0000000080000000, 0x0000000085780000, 0x00000000d5580000)
  object space 89600K, 16% used [0x0000000080000000,0x0000000080e9f7b8,0x0000000085780000)
 Metaspace       used 38837K, capacity 40796K, committed 41048K, reserved 1085440K
  class space    used 5351K, capacity 5717K, committed 5760K, reserved 1048576K
GC Heap History (10 events):
Event: 2.171 GC heap before
{Heap before GC invocations=4 (full 0):
 PSYoungGen      total 75776K, used 17061K [0x00000000d5580000, 0x00000000de980000, 0x0000000100000000)
  eden space 65024K, 9% used [0x00000000d5580000,0x00000000d5bb0c10,0x00000000d9500000)
  from space 10752K, 99% used [0x00000000d9500000,0x00000000d9f78af8,0x00000000d9f80000)
  to   space 10752K, 0% used [0x00000000ddf00000,0x00000000ddf00000,0x00000000de980000)
 ParOldGen       total 173568K, used 862K [0x0000000080000000, 0x000000008a980000, 0x00000000d5580000)
  object space 173568K, 0% used [0x0000000080000000,0x00000000800d7a90,0x000000008a980000)
 Metaspace       used 20486K, capacity 21154K, committed 21248K, reserved 1067008K
  class space    used 2859K, capacity 3037K, committed 3072K, reserved 1048576K
Event: 2.178 GC heap after
Heap after GC invocations=4 (full 0):
 PSYoungGen      total 140800K, used 7337K [0x00000000d5580000, 0x00000000de980000, 0x0000000100000000)
  eden space 130048K, 0% used [0x00000000d5580000,0x00000000d5580000,0x00000000dd480000)
  from space 10752K, 68% used [0x00000000ddf00000,0x00000000de62a4e8,0x00000000de980000)
  to   space 10752K, 0% used [0x00000000dd480000,0x00000000dd480000,0x00000000ddf00000)
 ParOldGen       total 173568K, used 870K [0x0000000080000000, 0x000000008a980000, 0x00000000d5580000)
  object space 173568K, 0% used [0x0000000080000000,0x00000000800d9a90,0x000000008a980000)
 Metaspace       used 20486K, capacity 21154K, committed 21248K, reserved 1067008K
  class space    used 2859K, capacity 3037K, committed 3072K, reserved 1048576K
}
Event: 2.178 GC heap before
{Heap before GC invocations=5 (full 1):
 PSYoungGen      total 140800K, used 7337K [0x00000000d5580000, 0x00000000de980000, 0x0000000100000000)
  eden space 130048K, 0% used [0x00000000d5580000,0x00000000d5580000,0x00000000dd480000)
  from space 10752K, 68% used [0x00000000ddf00000,0x00000000de62a4e8,0x00000000de980000)
  to   space 10752K, 0% used [0x00000000dd480000,0x00000000dd480000,0x00000000ddf00000)
 ParOldGen       total 173568K, used 870K [0x0000000080000000, 0x000000008a980000, 0x00000000d5580000)
  object space 173568K, 0% used [0x0000000080000000,0x00000000800d9a90,0x000000008a980000)
 Metaspace       used 20486K, capacity 21154K, committed 21248K, reserved 1067008K
  class space    used 2859K, capacity 3037K, committed 3072K, reserved 1048576K
Event: 2.207 GC heap after
Heap after GC invocations=5 (full 1):
 PSYoungGen      total 140800K, used 0K [0x00000000d5580000, 0x00000000de980000, 0x0000000100000000)
  eden space 130048K, 0% used [0x00000000d5580000,0x00000000d5580000,0x00000000dd480000)
  from space 10752K, 0% used [0x00000000ddf00000,0x00000000ddf00000,0x00000000de980000)
  to   space 10752K, 0% used [0x00000000dd480000,0x00000000dd480000,0x00000000ddf00000)
 ParOldGen       total 89600K, used 7103K [0x0000000080000000, 0x0000000085780000, 0x00000000d5580000)
  object space 89600K, 7% used [0x0000000080000000,0x00000000806eff58,0x0000000085780000)
 Metaspace       used 20486K, capacity 21154K, committed 21248K, reserved 1067008K
  class space    used 2859K, capacity 3037K, committed 3072K, reserved 1048576K
}
Event: 3.159 GC heap before
{Heap before GC invocations=6 (full 1):
 PSYoungGen      total 140800K, used 130048K [0x00000000d5580000, 0x00000000de980000, 0x0000000100000000)
  eden space 130048K, 100% used [0x00000000d5580000,0x00000000dd480000,0x00000000dd480000)
  from space 10752K, 0% used [0x00000000ddf00000,0x00000000ddf00000,0x00000000de980000)
  to   space 10752K, 0% used [0x00000000dd480000,0x00000000dd480000,0x00000000ddf00000)
 ParOldGen       total 89600K, used 7103K [0x0000000080000000, 0x0000000085780000, 0x00000000d5580000)
  object space 89600K, 7% used [0x0000000080000000,0x00000000806eff58,0x0000000085780000)
 Metaspace       used 32827K, capacity 34014K, committed 34304K, reserved 1079296K
  class space    used 4436K, capacity 4742K, committed 4864K, reserved 1048576K
Event: 3.177 GC heap after
Heap after GC invocations=6 (full 1):
 PSYoungGen      total 140800K, used 10726K [0x00000000d5580000, 0x00000000e5000000, 0x0000000100000000)
  eden space 130048K, 0% used [0x00000000d5580000,0x00000000d5580000,0x00000000dd480000)
  from space 10752K, 99% used [0x00000000dd480000,0x00000000ddef9a58,0x00000000ddf00000)
  to   space 15872K, 0% used [0x00000000e4080000,0x00000000e4080000,0x00000000e5000000)
 ParOldGen       total 89600K, used 10106K [0x0000000080000000, 0x0000000085780000, 0x00000000d5580000)
  object space 89600K, 11% used [0x0000000080000000,0x00000000809dea50,0x0000000085780000)
 Metaspace       used 32827K, capacity 34014K, committed 34304K, reserved 1079296K
  class space    used 4436K, capacity 4742K, committed 4864K, reserved 1048576K
}
Event: 3.415 GC heap before
{Heap before GC invocations=7 (full 1):
 PSYoungGen      total 140800K, used 39617K [0x00000000d5580000, 0x00000000e5000000, 0x0000000100000000)
  eden space 130048K, 22% used [0x00000000d5580000,0x00000000d71b6b00,0x00000000dd480000)
  from space 10752K, 99% used [0x00000000dd480000,0x00000000ddef9a58,0x00000000ddf00000)
  to   space 15872K, 0% used [0x00000000e4080000,0x00000000e4080000,0x00000000e5000000)
 ParOldGen       total 89600K, used 10106K [0x0000000080000000, 0x0000000085780000, 0x00000000d5580000)
  object space 89600K, 11% used [0x0000000080000000,0x00000000809dea50,0x0000000085780000)
 Metaspace       used 33974K, capacity 35240K, committed 35416K, reserved 1079296K
  class space    used 4587K, capacity 4879K, committed 4992K, reserved 1048576K
Event: 3.423 GC heap after
Heap after GC invocations=7 (full 1):
 PSYoungGen      total 238592K, used 8497K [0x00000000d5580000, 0x00000000e4e00000, 0x0000000100000000)
  eden space 224768K, 0% used [0x00000000d5580000,0x00000000d5580000,0x00000000e3100000)
  from space 13824K, 61% used [0x00000000e4080000,0x00000000e48cc430,0x00000000e4e00000)
  to   space 14848K, 0% used [0x00000000e3100000,0x00000000e3100000,0x00000000e3f80000)
 ParOldGen       total 89600K, used 10114K [0x0000000080000000, 0x0000000085780000, 0x00000000d5580000)
  object space 89600K, 11% used [0x0000000080000000,0x00000000809e0a50,0x0000000085780000)
 Metaspace       used 33974K, capacity 35240K, committed 35416K, reserved 1079296K
  class space    used 4587K, capacity 4879K, committed 4992K, reserved 1048576K
}
Event: 3.423 GC heap before
{Heap before GC invocations=8 (full 2):
 PSYoungGen      total 238592K, used 8497K [0x00000000d5580000, 0x00000000e4e00000, 0x0000000100000000)
  eden space 224768K, 0% used [0x00000000d5580000,0x00000000d5580000,0x00000000e3100000)
  from space 13824K, 61% used [0x00000000e4080000,0x00000000e48cc430,0x00000000e4e00000)
  to   space 14848K, 0% used [0x00000000e3100000,0x00000000e3100000,0x00000000e3f80000)
 ParOldGen       total 89600K, used 10114K [0x0000000080000000, 0x0000000085780000, 0x00000000d5580000)
  object space 89600K, 11% used [0x0000000080000000,0x00000000809e0a50,0x0000000085780000)
 Metaspace       used 33974K, capacity 35240K, committed 35416K, reserved 1079296K
  class space    used 4587K, capacity 4879K, committed 4992K, reserved 1048576K
Event: 3.471 GC heap after
Heap after GC invocations=8 (full 2):
 PSYoungGen      total 238592K, used 0K [0x00000000d5580000, 0x00000000e4e00000, 0x0000000100000000)
  eden space 224768K, 0% used [0x00000000d5580000,0x00000000d5580000,0x00000000e3100000)
  from space 13824K, 0% used [0x00000000e4080000,0x00000000e4080000,0x00000000e4e00000)
  to   space 14848K, 0% used [0x00000000e3100000,0x00000000e3100000,0x00000000e3f80000)
 ParOldGen       total 89600K, used 14973K [0x0000000080000000, 0x0000000085780000, 0x00000000d5580000)
  object space 89600K, 16% used [0x0000000080000000,0x0000000080e9f7b8,0x0000000085780000)
 Metaspace       used 33974K, capacity 35240K, committed 35416K, reserved 1079296K
  class space    used 4587K, capacity 4879K, committed 4992K, reserved 1048576K
}

