# JRE version: OpenJDK Runtime Environment (8.0_242-b01) (build 1.8.0_242-release-1644-b01)
# Java VM: OpenJDK 64-Bit Server VM (25.242-b01 mixed mode windows-amd64 compressed oops)
Heap:
 PSYoungGen      total 140800K, used 96563K [0x00000000d5580000, 0x00000000de980000, 0x0000000100000000)
  eden space 130048K, 74% used [0x00000000d5580000,0x00000000db3ccd68,0x00000000dd480000)
  from space 10752K, 0% used [0x00000000ddf00000,0x00000000ddf00000,0x00000000de980000)
  to   space 10752K, 0% used [0x00000000dd480000,0x00000000dd480000,0x00000000ddf00000)
 ParOldGen       total 145408K, used 14699K [0x0000000080000000, 0x0000000088e00000, 0x00000000d5580000)
  object space 145408K, 10% used [0x0000000080000000,0x0000000080e5ae90,0x0000000088e00000)
 Metaspace       used 36680K, capacity 38202K, committed 38440K, reserved 1083392K
  class space    used 5055K, capacity 5370K, committed 5424K, reserved 1048576K
GC Heap History (10 events):
Event: 1.956 GC heap before
{Heap before GC invocations=4 (full 0):
 PSYoungGen      total 75776K, used 21526K [0x00000000d5580000, 0x00000000de980000, 0x0000000100000000)
  eden space 65024K, 16% used [0x00000000d5580000,0x00000000d60066e8,0x00000000d9500000)
  from space 10752K, 99% used [0x00000000d9500000,0x00000000d9f7f2f8,0x00000000d9f80000)
  to   space 10752K, 0% used [0x00000000ddf00000,0x00000000ddf00000,0x00000000de980000)
 ParOldGen       total 173568K, used 824K [0x0000000080000000, 0x000000008a980000, 0x00000000d5580000)
  object space 173568K, 0% used [0x0000000080000000,0x00000000800ce128,0x000000008a980000)
 Metaspace       used 20568K, capacity 21208K, committed 21296K, reserved 1067008K
  class space    used 2873K, capacity 3076K, committed 3120K, reserved 1048576K
Event: 1.960 GC heap after
Heap after GC invocations=4 (full 0):
 PSYoungGen      total 140800K, used 7378K [0x00000000d5580000, 0x00000000de980000, 0x0000000100000000)
  eden space 130048K, 0% used [0x00000000d5580000,0x00000000d5580000,0x00000000dd480000)
  from space 10752K, 68% used [0x00000000ddf00000,0x00000000de634888,0x00000000de980000)
  to   space 10752K, 0% used [0x00000000dd480000,0x00000000dd480000,0x00000000ddf00000)
 ParOldGen       total 173568K, used 832K [0x0000000080000000, 0x000000008a980000, 0x00000000d5580000)
  object space 173568K, 0% used [0x0000000080000000,0x00000000800d0128,0x000000008a980000)
 Metaspace       used 20568K, capacity 21208K, committed 21296K, reserved 1067008K
  class space    used 2873K, capacity 3076K, committed 3120K, reserved 1048576K
}
Event: 1.961 GC heap before
{Heap before GC invocations=5 (full 1):
 PSYoungGen      total 140800K, used 7378K [0x00000000d5580000, 0x00000000de980000, 0x0000000100000000)
  eden space 130048K, 0% used [0x00000000d5580000,0x00000000d5580000,0x00000000dd480000)
  from space 10752K, 68% used [0x00000000ddf00000,0x00000000de634888,0x00000000de980000)
  to   space 10752K, 0% used [0x00000000dd480000,0x00000000dd480000,0x00000000ddf00000)
 ParOldGen       total 173568K, used 832K [0x0000000080000000, 0x000000008a980000, 0x00000000d5580000)
  object space 173568K, 0% used [0x0000000080000000,0x00000000800d0128,0x000000008a980000)
 Metaspace       used 20568K, capacity 21208K, committed 21296K, reserved 1067008K
  class space    used 2873K, capacity 3076K, committed 3120K, reserved 1048576K
Event: 1.987 GC heap after
Heap after GC invocations=5 (full 1):
 PSYoungGen      total 140800K, used 0K [0x00000000d5580000, 0x00000000de980000, 0x0000000100000000)
  eden space 130048K, 0% used [0x00000000d5580000,0x00000000d5580000,0x00000000dd480000)
  from space 10752K, 0% used [0x00000000ddf00000,0x00000000ddf00000,0x00000000de980000)
  to   space 10752K, 0% used [0x00000000dd480000,0x00000000dd480000,0x00000000ddf00000)
 ParOldGen       total 94720K, used 7181K [0x0000000080000000, 0x0000000085c80000, 0x00000000d5580000)
  object space 94720K, 7% used [0x0000000080000000,0x00000000807035a8,0x0000000085c80000)
 Metaspace       used 20568K, capacity 21208K, committed 21296K, reserved 1067008K
  class space    used 2873K, capacity 3076K, committed 3120K, reserved 1048576K
}
Event: 2.842 GC heap before
{Heap before GC invocations=6 (full 1):
 PSYoungGen      total 140800K, used 130048K [0x00000000d5580000, 0x00000000de980000, 0x0000000100000000)
  eden space 130048K, 100% used [0x00000000d5580000,0x00000000dd480000,0x00000000dd480000)
  from space 10752K, 0% used [0x00000000ddf00000,0x00000000ddf00000,0x00000000de980000)
  to   space 10752K, 0% used [0x00000000dd480000,0x00000000dd480000,0x00000000ddf00000)
 ParOldGen       total 94720K, used 7181K [0x0000000080000000, 0x0000000085c80000, 0x00000000d5580000)
  object space 94720K, 7% used [0x0000000080000000,0x00000000807035a8,0x0000000085c80000)
 Metaspace       used 32716K, capacity 33722K, committed 33968K, reserved 1079296K
  class space    used 4478K, capacity 4751K, committed 4784K, reserved 1048576K
Event: 2.855 GC heap after
Heap after GC invocations=6 (full 1):
 PSYoungGen      total 140800K, used 10720K [0x00000000d5580000, 0x00000000de980000, 0x0000000100000000)
  eden space 130048K, 0% used [0x00000000d5580000,0x00000000d5580000,0x00000000dd480000)
  from space 10752K, 99% used [0x00000000dd480000,0x00000000ddef8348,0x00000000ddf00000)
  to   space 10752K, 0% used [0x00000000ddf00000,0x00000000ddf00000,0x00000000de980000)
 ParOldGen       total 94720K, used 10509K [0x0000000080000000, 0x0000000085c80000, 0x00000000d5580000)
  object space 94720K, 11% used [0x0000000080000000,0x0000000080a435e0,0x0000000085c80000)
 Metaspace       used 32716K, capacity 33722K, committed 33968K, reserved 1079296K
  class space    used 4478K, capacity 4751K, committed 4784K, reserved 1048576K
}
Event: 3.034 GC heap before
{Heap before GC invocations=7 (full 1):
 PSYoungGen      total 140800K, used 42196K [0x00000000d5580000, 0x00000000de980000, 0x0000000100000000)
  eden space 130048K, 24% used [0x00000000d5580000,0x00000000d743cf70,0x00000000dd480000)
  from space 10752K, 99% used [0x00000000dd480000,0x00000000ddef8348,0x00000000ddf00000)
  to   space 10752K, 0% used [0x00000000ddf00000,0x00000000ddf00000,0x00000000de980000)
 ParOldGen       total 94720K, used 10509K [0x0000000080000000, 0x0000000085c80000, 0x00000000d5580000)
  object space 94720K, 11% used [0x0000000080000000,0x0000000080a435e0,0x0000000085c80000)
 Metaspace       used 34270K, capacity 35398K, committed 35496K, reserved 1079296K
  class space    used 4722K, capacity 5002K, committed 5040K, reserved 1048576K
Event: 3.042 GC heap after
Heap after GC invocations=7 (full 1):
 PSYoungGen      total 140800K, used 8260K [0x00000000d5580000, 0x00000000de980000, 0x0000000100000000)
  eden space 130048K, 0% used [0x00000000d5580000,0x00000000d5580000,0x00000000dd480000)
  from space 10752K, 76% used [0x00000000ddf00000,0x00000000de7111f0,0x00000000de980000)
  to   space 10752K, 0% used [0x00000000dd480000,0x00000000dd480000,0x00000000ddf00000)
 ParOldGen       total 94720K, used 10517K [0x0000000080000000, 0x0000000085c80000, 0x00000000d5580000)
  object space 94720K, 11% used [0x0000000080000000,0x0000000080a455e0,0x0000000085c80000)
 Metaspace       used 34270K, capacity 35398K, committed 35496K, reserved 1079296K
  class space    used 4722K, capacity 5002K, committed 5040K, reserved 1048576K
}
Event: 3.042 GC heap before
{Heap before GC invocations=8 (full 2):
 PSYoungGen      total 140800K, used 8260K [0x00000000d5580000, 0x00000000de980000, 0x0000000100000000)
  eden space 130048K, 0% used [0x00000000d5580000,0x00000000d5580000,0x00000000dd480000)
  from space 10752K, 76% used [0x00000000ddf00000,0x00000000de7111f0,0x00000000de980000)
  to   space 10752K, 0% used [0x00000000dd480000,0x00000000dd480000,0x00000000ddf00000)
 ParOldGen       total 94720K, used 10517K [0x0000000080000000, 0x0000000085c80000, 0x00000000d5580000)
  object space 94720K, 11% used [0x0000000080000000,0x0000000080a455e0,0x0000000085c80000)
 Metaspace       used 34270K, capacity 35398K, committed 35496K, reserved 1079296K
  class space    used 4722K, capacity 5002K, committed 5040K, reserved 1048576K
Event: 3.085 GC heap after
Heap after GC invocations=8 (full 2):
 PSYoungGen      total 140800K, used 0K [0x00000000d5580000, 0x00000000de980000, 0x0000000100000000)
  eden space 130048K, 0% used [0x00000000d5580000,0x00000000d5580000,0x00000000dd480000)
  from space 10752K, 0% used [0x00000000ddf00000,0x00000000ddf00000,0x00000000de980000)
  to   space 10752K, 0% used [0x00000000dd480000,0x00000000dd480000,0x00000000ddf00000)
 ParOldGen       total 145408K, used 14699K [0x0000000080000000, 0x0000000088e00000, 0x00000000d5580000)
  object space 145408K, 10% used [0x0000000080000000,0x0000000080e5ae90,0x0000000088e00000)
 Metaspace       used 34270K, capacity 35398K, committed 35496K, reserved 1079296K
  class space    used 4722K, capacity 5002K, committed 5040K, reserved 1048576K
}

