# JRE version: OpenJDK Runtime Environment (8.0_242-b01) (build 1.8.0_242-release-1644-b01)
# Java VM: OpenJDK 64-Bit Server VM (25.242-b01 mixed mode windows-amd64 compressed oops)
Heap:
 PSYoungGen      total 140800K, used 1928K [0x00000000d5580000, 0x00000000de980000, 0x0000000100000000)
  eden space 130048K, 1% used [0x00000000d5580000,0x00000000d5762088,0x00000000dd480000)
  from space 10752K, 0% used [0x00000000ddf00000,0x00000000ddf00000,0x00000000de980000)
  to   space 10752K, 0% used [0x00000000dd480000,0x00000000dd480000,0x00000000ddf00000)
 ParOldGen       total 154624K, used 14699K [0x0000000080000000, 0x0000000089700000, 0x00000000d5580000)
  object space 154624K, 9% used [0x0000000080000000,0x0000000080e5ae70,0x0000000089700000)
 Metaspace       used 34299K, capacity 35468K, committed 35752K, reserved 1079296K
  class space    used 4723K, capacity 5003K, committed 5040K, reserved 1048576K
GC Heap History (10 events):
Event: 2.078 GC heap before
{Heap before GC invocations=4 (full 0):
 PSYoungGen      total 75776K, used 21574K [0x00000000d5580000, 0x00000000de980000, 0x0000000100000000)
  eden space 65024K, 16% used [0x00000000d5580000,0x00000000d6011b28,0x00000000d9500000)
  from space 10752K, 99% used [0x00000000d9500000,0x00000000d9f7ff40,0x00000000d9f80000)
  to   space 10752K, 0% used [0x00000000ddf00000,0x00000000ddf00000,0x00000000de980000)
 ParOldGen       total 173568K, used 827K [0x0000000080000000, 0x000000008a980000, 0x00000000d5580000)
  object space 173568K, 0% used [0x0000000080000000,0x00000000800ced20,0x000000008a980000)
 Metaspace       used 20554K, capacity 21208K, committed 21296K, reserved 1067008K
  class space    used 2874K, capacity 3076K, committed 3120K, reserved 1048576K
Event: 2.084 GC heap after
Heap after GC invocations=4 (full 0):
 PSYoungGen      total 140800K, used 7397K [0x00000000d5580000, 0x00000000de980000, 0x0000000100000000)
  eden space 130048K, 0% used [0x00000000d5580000,0x00000000d5580000,0x00000000dd480000)
  from space 10752K, 68% used [0x00000000ddf00000,0x00000000de639458,0x00000000de980000)
  to   space 10752K, 0% used [0x00000000dd480000,0x00000000dd480000,0x00000000ddf00000)
 ParOldGen       total 173568K, used 835K [0x0000000080000000, 0x000000008a980000, 0x00000000d5580000)
  object space 173568K, 0% used [0x0000000080000000,0x00000000800d0d20,0x000000008a980000)
 Metaspace       used 20554K, capacity 21208K, committed 21296K, reserved 1067008K
  class space    used 2874K, capacity 3076K, committed 3120K, reserved 1048576K
}
Event: 2.084 GC heap before
{Heap before GC invocations=5 (full 1):
 PSYoungGen      total 140800K, used 7397K [0x00000000d5580000, 0x00000000de980000, 0x0000000100000000)
  eden space 130048K, 0% used [0x00000000d5580000,0x00000000d5580000,0x00000000dd480000)
  from space 10752K, 68% used [0x00000000ddf00000,0x00000000de639458,0x00000000de980000)
  to   space 10752K, 0% used [0x00000000dd480000,0x00000000dd480000,0x00000000ddf00000)
 ParOldGen       total 173568K, used 835K [0x0000000080000000, 0x000000008a980000, 0x00000000d5580000)
  object space 173568K, 0% used [0x0000000080000000,0x00000000800d0d20,0x000000008a980000)
 Metaspace       used 20554K, capacity 21208K, committed 21296K, reserved 1067008K
  class space    used 2874K, capacity 3076K, committed 3120K, reserved 1048576K
Event: 2.115 GC heap after
Heap after GC invocations=5 (full 1):
 PSYoungGen      total 140800K, used 0K [0x00000000d5580000, 0x00000000de980000, 0x0000000100000000)
  eden space 130048K, 0% used [0x00000000d5580000,0x00000000d5580000,0x00000000dd480000)
  from space 10752K, 0% used [0x00000000ddf00000,0x00000000ddf00000,0x00000000de980000)
  to   space 10752K, 0% used [0x00000000dd480000,0x00000000dd480000,0x00000000ddf00000)
 ParOldGen       total 96256K, used 7175K [0x0000000080000000, 0x0000000085e00000, 0x00000000d5580000)
  object space 96256K, 7% used [0x0000000080000000,0x0000000080701f98,0x0000000085e00000)
 Metaspace       used 20554K, capacity 21208K, committed 21296K, reserved 1067008K
  class space    used 2874K, capacity 3076K, committed 3120K, reserved 1048576K
}
Event: 2.951 GC heap before
{Heap before GC invocations=6 (full 1):
 PSYoungGen      total 140800K, used 130048K [0x00000000d5580000, 0x00000000de980000, 0x0000000100000000)
  eden space 130048K, 100% used [0x00000000d5580000,0x00000000dd480000,0x00000000dd480000)
  from space 10752K, 0% used [0x00000000ddf00000,0x00000000ddf00000,0x00000000de980000)
  to   space 10752K, 0% used [0x00000000dd480000,0x00000000dd480000,0x00000000ddf00000)
 ParOldGen       total 96256K, used 7175K [0x0000000080000000, 0x0000000085e00000, 0x00000000d5580000)
  object space 96256K, 7% used [0x0000000080000000,0x0000000080701f98,0x0000000085e00000)
 Metaspace       used 32714K, capacity 33690K, committed 33968K, reserved 1079296K
  class space    used 4473K, capacity 4719K, committed 4784K, reserved 1048576K
Event: 2.962 GC heap after
Heap after GC invocations=6 (full 1):
 PSYoungGen      total 140800K, used 10746K [0x00000000d5580000, 0x00000000de980000, 0x0000000100000000)
  eden space 130048K, 0% used [0x00000000d5580000,0x00000000d5580000,0x00000000dd480000)
  from space 10752K, 99% used [0x00000000dd480000,0x00000000ddefeb58,0x00000000ddf00000)
  to   space 10752K, 0% used [0x00000000ddf00000,0x00000000ddf00000,0x00000000de980000)
 ParOldGen       total 96256K, used 10557K [0x0000000080000000, 0x0000000085e00000, 0x00000000d5580000)
  object space 96256K, 10% used [0x0000000080000000,0x0000000080a4f548,0x0000000085e00000)
 Metaspace       used 32714K, capacity 33690K, committed 33968K, reserved 1079296K
  class space    used 4473K, capacity 4719K, committed 4784K, reserved 1048576K
}
Event: 3.177 GC heap before
{Heap before GC invocations=7 (full 1):
 PSYoungGen      total 140800K, used 42305K [0x00000000d5580000, 0x00000000de980000, 0x0000000100000000)
  eden space 130048K, 24% used [0x00000000d5580000,0x00000000d7451ba8,0x00000000dd480000)
  from space 10752K, 99% used [0x00000000dd480000,0x00000000ddefeb58,0x00000000ddf00000)
  to   space 10752K, 0% used [0x00000000ddf00000,0x00000000ddf00000,0x00000000de980000)
 ParOldGen       total 96256K, used 10557K [0x0000000080000000, 0x0000000085e00000, 0x00000000d5580000)
  object space 96256K, 10% used [0x0000000080000000,0x0000000080a4f548,0x0000000085e00000)
 Metaspace       used 34265K, capacity 35398K, committed 35496K, reserved 1079296K
  class space    used 4718K, capacity 5002K, committed 5040K, reserved 1048576K
Event: 3.185 GC heap after
Heap after GC invocations=7 (full 1):
 PSYoungGen      total 140800K, used 8281K [0x00000000d5580000, 0x00000000de980000, 0x0000000100000000)
  eden space 130048K, 0% used [0x00000000d5580000,0x00000000d5580000,0x00000000dd480000)
  from space 10752K, 77% used [0x00000000ddf00000,0x00000000de716528,0x00000000de980000)
  to   space 10752K, 0% used [0x00000000dd480000,0x00000000dd480000,0x00000000ddf00000)
 ParOldGen       total 96256K, used 10565K [0x0000000080000000, 0x0000000085e00000, 0x00000000d5580000)
  object space 96256K, 10% used [0x0000000080000000,0x0000000080a51548,0x0000000085e00000)
 Metaspace       used 34265K, capacity 35398K, committed 35496K, reserved 1079296K
  class space    used 4718K, capacity 5002K, committed 5040K, reserved 1048576K
}
Event: 3.185 GC heap before
{Heap before GC invocations=8 (full 2):
 PSYoungGen      total 140800K, used 8281K [0x00000000d5580000, 0x00000000de980000, 0x0000000100000000)
  eden space 130048K, 0% used [0x00000000d5580000,0x00000000d5580000,0x00000000dd480000)
  from space 10752K, 77% used [0x00000000ddf00000,0x00000000de716528,0x00000000de980000)
  to   space 10752K, 0% used [0x00000000dd480000,0x00000000dd480000,0x00000000ddf00000)
 ParOldGen       total 96256K, used 10565K [0x0000000080000000, 0x0000000085e00000, 0x00000000d5580000)
  object space 96256K, 10% used [0x0000000080000000,0x0000000080a51548,0x0000000085e00000)
 Metaspace       used 34265K, capacity 35398K, committed 35496K, reserved 1079296K
  class space    used 4718K, capacity 5002K, committed 5040K, reserved 1048576K
Event: 3.245 GC heap after
Heap after GC invocations=8 (full 2):
 PSYoungGen      total 140800K, used 0K [0x00000000d5580000, 0x00000000de980000, 0x0000000100000000)
  eden space 130048K, 0% used [0x00000000d5580000,0x00000000d5580000,0x00000000dd480000)
  from space 10752K, 0% used [0x00000000ddf00000,0x00000000ddf00000,0x00000000de980000)
  to   space 10752K, 0% used [0x00000000dd480000,0x00000000dd480000,0x00000000ddf00000)
 ParOldGen       total 154624K, used 14699K [0x0000000080000000, 0x0000000089700000, 0x00000000d5580000)
  object space 154624K, 9% used [0x0000000080000000,0x0000000080e5ae70,0x0000000089700000)
 Metaspace       used 34265K, capacity 35398K, committed 35496K, reserved 1079296K
  class space    used 4718K, capacity 5002K, committed 5040K, reserved 1048576K
}

