# JRE version: OpenJDK Runtime Environment (8.0_242-b01) (build 1.8.0_242-release-1644-b01)
# Java VM: OpenJDK 64-Bit Server VM (25.242-b01 mixed mode windows-amd64 compressed oops)
Heap:
 PSYoungGen      total 423424K, used 282698K [0x00000000d5580000, 0x00000000f1c80000, 0x0000000100000000)
  eden space 393728K, 64% used [0x00000000d5580000,0x00000000e4c93b40,0x00000000ed600000)
  from space 29696K, 99% used [0x00000000eff80000,0x00000000f1c7eeb8,0x00000000f1c80000)
  to   space 35840K, 0% used [0x00000000ed680000,0x00000000ed680000,0x00000000ef980000)
 ParOldGen       total 205824K, used 47152K [0x0000000080000000, 0x000000008c900000, 0x00000000d5580000)
  object space 205824K, 22% used [0x0000000080000000,0x0000000082e0c310,0x000000008c900000)
 Metaspace       used 87709K, capacity 92648K, committed 92928K, reserved 1130496K
  class space    used 11726K, capacity 12711K, committed 12800K, reserved 1048576K
GC Heap History (10 events):
Event: 4.803 GC heap before
{Heap before GC invocations=9 (full 2):
 PSYoungGen      total 234496K, used 219136K [0x00000000d5580000, 0x00000000e4b80000, 0x0000000100000000)
  eden space 219136K, 100% used [0x00000000d5580000,0x00000000e2b80000,0x00000000e2b80000)
  from space 15360K, 0% used [0x00000000e3a00000,0x00000000e3a00000,0x00000000e4900000)
  to   space 14848K, 0% used [0x00000000e2b80000,0x00000000e2b80000,0x00000000e3a00000)
 ParOldGen       total 136704K, used 15090K [0x0000000080000000, 0x0000000088580000, 0x00000000d5580000)
  object space 136704K, 11% used [0x0000000080000000,0x0000000080ebc9e8,0x0000000088580000)
 Metaspace       used 46758K, capacity 48986K, committed 49408K, reserved 1091584K
  class space    used 6348K, capacity 6791K, committed 6912K, reserved 1048576K
Event: 4.820 GC heap after
Heap after GC invocations=9 (full 2):
 PSYoungGen      total 233984K, used 14842K [0x00000000d5580000, 0x00000000ec780000, 0x0000000100000000)
  eden space 219136K, 0% used [0x00000000d5580000,0x00000000d5580000,0x00000000e2b80000)
  from space 14848K, 99% used [0x00000000e2b80000,0x00000000e39fea58,0x00000000e3a00000)
  to   space 19456K, 0% used [0x00000000eb480000,0x00000000eb480000,0x00000000ec780000)
 ParOldGen       total 136704K, used 19624K [0x0000000080000000, 0x0000000088580000, 0x00000000d5580000)
  object space 136704K, 14% used [0x0000000080000000,0x000000008132a3a0,0x0000000088580000)
 Metaspace       used 46758K, capacity 48986K, committed 49408K, reserved 1091584K
  class space    used 6348K, capacity 6791K, committed 6912K, reserved 1048576K
}
Event: 5.859 GC heap before
{Heap before GC invocations=10 (full 2):
 PSYoungGen      total 233984K, used 145768K [0x00000000d5580000, 0x00000000ec780000, 0x0000000100000000)
  eden space 219136K, 59% used [0x00000000d5580000,0x00000000dd55b838,0x00000000e2b80000)
  from space 14848K, 99% used [0x00000000e2b80000,0x00000000e39fea58,0x00000000e3a00000)
  to   space 19456K, 0% used [0x00000000eb480000,0x00000000eb480000,0x00000000ec780000)
 ParOldGen       total 136704K, used 19624K [0x0000000080000000, 0x0000000088580000, 0x00000000d5580000)
  object space 136704K, 14% used [0x0000000080000000,0x000000008132a3a0,0x0000000088580000)
 Metaspace       used 56444K, capacity 59004K, committed 59096K, reserved 1099776K
  class space    used 7714K, capacity 8259K, committed 8320K, reserved 1048576K
Event: 5.886 GC heap after
Heap after GC invocations=10 (full 2):
 PSYoungGen      total 354304K, used 19452K [0x00000000d5580000, 0x00000000ed100000, 0x0000000100000000)
  eden space 334848K, 0% used [0x00000000d5580000,0x00000000d5580000,0x00000000e9c80000)
  from space 19456K, 99% used [0x00000000eb480000,0x00000000ec77f0d8,0x00000000ec780000)
  to   space 24576K, 0% used [0x00000000e9c80000,0x00000000e9c80000,0x00000000eb480000)
 ParOldGen       total 136704K, used 24928K [0x0000000080000000, 0x0000000088580000, 0x00000000d5580000)
  object space 136704K, 18% used [0x0000000080000000,0x0000000081858358,0x0000000088580000)
 Metaspace       used 56444K, capacity 59004K, committed 59096K, reserved 1099776K
  class space    used 7714K, capacity 8259K, committed 8320K, reserved 1048576K
}
Event: 5.886 GC heap before
{Heap before GC invocations=11 (full 3):
 PSYoungGen      total 354304K, used 19452K [0x00000000d5580000, 0x00000000ed100000, 0x0000000100000000)
  eden space 334848K, 0% used [0x00000000d5580000,0x00000000d5580000,0x00000000e9c80000)
  from space 19456K, 99% used [0x00000000eb480000,0x00000000ec77f0d8,0x00000000ec780000)
  to   space 24576K, 0% used [0x00000000e9c80000,0x00000000e9c80000,0x00000000eb480000)
 ParOldGen       total 136704K, used 24928K [0x0000000080000000, 0x0000000088580000, 0x00000000d5580000)
  object space 136704K, 18% used [0x0000000080000000,0x0000000081858358,0x0000000088580000)
 Metaspace       used 56444K, capacity 59004K, committed 59096K, reserved 1099776K
  class space    used 7714K, capacity 8259K, committed 8320K, reserved 1048576K
Event: 6.081 GC heap after
Heap after GC invocations=11 (full 3):
 PSYoungGen      total 354304K, used 0K [0x00000000d5580000, 0x00000000ed100000, 0x0000000100000000)
  eden space 334848K, 0% used [0x00000000d5580000,0x00000000d5580000,0x00000000e9c80000)
  from space 19456K, 0% used [0x00000000eb480000,0x00000000eb480000,0x00000000ec780000)
  to   space 24576K, 0% used [0x00000000e9c80000,0x00000000e9c80000,0x00000000eb480000)
 ParOldGen       total 205824K, used 38225K [0x0000000080000000, 0x000000008c900000, 0x00000000d5580000)
  object space 205824K, 18% used [0x0000000080000000,0x00000000825547f8,0x000000008c900000)
 Metaspace       used 56396K, capacity 58842K, committed 59096K, reserved 1099776K
  class space    used 7699K, capacity 8232K, committed 8320K, reserved 1048576K
}
Event: 8.786 GC heap before
{Heap before GC invocations=12 (full 3):
 PSYoungGen      total 354304K, used 334848K [0x00000000d5580000, 0x00000000ed100000, 0x0000000100000000)
  eden space 334848K, 100% used [0x00000000d5580000,0x00000000e9c80000,0x00000000e9c80000)
  from space 19456K, 0% used [0x00000000eb480000,0x00000000eb480000,0x00000000ec780000)
  to   space 24576K, 0% used [0x00000000e9c80000,0x00000000e9c80000,0x00000000eb480000)
 ParOldGen       total 205824K, used 38225K [0x0000000080000000, 0x000000008c900000, 0x00000000d5580000)
  object space 205824K, 18% used [0x0000000080000000,0x00000000825547f8,0x000000008c900000)
 Metaspace       used 72391K, capacity 76338K, committed 76416K, reserved 1114112K
  class space    used 10073K, capacity 10848K, committed 10880K, reserved 1048576K
Event: 8.808 GC heap after
Heap after GC invocations=12 (full 3):
 PSYoungGen      total 359424K, used 24571K [0x00000000d5580000, 0x00000000f1c80000, 0x0000000100000000)
  eden space 334848K, 0% used [0x00000000d5580000,0x00000000d5580000,0x00000000e9c80000)
  from space 24576K, 99% used [0x00000000e9c80000,0x00000000eb47eee0,0x00000000eb480000)
  to   space 29696K, 0% used [0x00000000eff80000,0x00000000eff80000,0x00000000f1c80000)
 ParOldGen       total 205824K, used 42021K [0x0000000080000000, 0x000000008c900000, 0x00000000d5580000)
  object space 205824K, 20% used [0x0000000080000000,0x00000000829096b8,0x000000008c900000)
 Metaspace       used 72391K, capacity 76338K, committed 76416K, reserved 1114112K
  class space    used 10073K, capacity 10848K, committed 10880K, reserved 1048576K
}
Event: 3169.688 GC heap before
{Heap before GC invocations=13 (full 3):
 PSYoungGen      total 359424K, used 359419K [0x00000000d5580000, 0x00000000f1c80000, 0x0000000100000000)
  eden space 334848K, 100% used [0x00000000d5580000,0x00000000e9c80000,0x00000000e9c80000)
  from space 24576K, 99% used [0x00000000e9c80000,0x00000000eb47eee0,0x00000000eb480000)
  to   space 29696K, 0% used [0x00000000eff80000,0x00000000eff80000,0x00000000f1c80000)
 ParOldGen       total 205824K, used 42021K [0x0000000080000000, 0x000000008c900000, 0x00000000d5580000)
  object space 205824K, 20% used [0x0000000080000000,0x00000000829096b8,0x000000008c900000)
 Metaspace       used 84677K, capacity 89354K, committed 89472K, reserved 1126400K
  class space    used 11363K, capacity 12298K, committed 12416K, reserved 1048576K
Event: 3169.764 GC heap after
Heap after GC invocations=13 (full 3):
 PSYoungGen      total 423424K, used 29691K [0x00000000d5580000, 0x00000000f1c80000, 0x0000000100000000)
  eden space 393728K, 0% used [0x00000000d5580000,0x00000000d5580000,0x00000000ed600000)
  from space 29696K, 99% used [0x00000000eff80000,0x00000000f1c7eeb8,0x00000000f1c80000)
  to   space 35840K, 0% used [0x00000000ed680000,0x00000000ed680000,0x00000000ef980000)
 ParOldGen       total 205824K, used 47152K [0x0000000080000000, 0x000000008c900000, 0x00000000d5580000)
  object space 205824K, 22% used [0x0000000080000000,0x0000000082e0c310,0x000000008c900000)
 Metaspace       used 84677K, capacity 89354K, committed 89472K, reserved 1126400K
  class space    used 11363K, capacity 12298K, committed 12416K, reserved 1048576K
}

